
> frontend@0.1.0 dev
> next dev --turbopack

   ▲ Next.js 15.3.3 (Turbopack)
   - Local:        http://localhost:3000
   - Network:      http://10.2.35.27:3000
   - Environments: .env.local

 ✓ Starting...
Attention: Next.js now collects completely anonymous telemetry regarding usage.
This information is used to shape Next.js' roadmap and prioritize features.
You can learn more, including how to opt-out if you'd not like to participate in this anonymous program, by visiting the following URL:
https://nextjs.org/telemetry

 ✓ Ready in 1038ms
 ○ Compiling / ...
 ✓ Compiled / in 2.7s
 HEAD / 200 in 3028ms
 GET / 200 in 85ms
 ○ Compiling /auth/login ...
 ✓ Compiled /auth/login in 1175ms
 GET /auth/login 200 in 1277ms
 ○ Compiling /dashboard ...
 ✓ Compiled /dashboard in 1572ms
 GET /dashboard 200 in 1618ms
 GET /dashboard 200 in 151ms
 ✓ Compiled in 94ms
 GET /dashboard 200 in 102ms
 GET /dashboard 200 in 33ms
 ✓ Compiled in 99ms
 GET /dashboard 200 in 132ms
 GET /dashboard 200 in 34ms
 ✓ Compiled in 161ms
 ○ Compiling /dashboard/send ...
 ✓ Compiled /dashboard/send in 1219ms
 GET /dashboard/send 200 in 1402ms
 ○ Compiling /logs ...
 ✓ Compiled /logs in 1065ms
 GET /logs 200 in 1109ms
 ✓ Compiled in 99ms
 GET /logs 200 in 108ms
 GET /logs 200 in 32ms
 GET / 200 in 114ms
 GET /dashboard 200 in 56ms
 GET /dashboard 200 in 70ms
 GET /auth/login 200 in 191ms
 GET /dashboard 200 in 42ms
 GET /dashboard/send 200 in 39ms
 GET /logs 200 in 37ms
